<?xml version='1.0' encoding='UTF-8'?>
<testsuite hostname="MUSAVA188848" name="chapter9.ReplacerSpec" tests="7" errors="0" failures="0" time="0.343">
                     <properties>
[...]
</properties>
                     <testcase classname="chapter9.ReplacerSpec" name="readFromFile should pull in right content" time="0.205">
                                                 
                                               </testcase><testcase classname="chapter9.ReplacerSpec" name="generateBakFilename should generate version 1 if no BAK file exists" time="0.048">
                                                 
                                               </testcase><testcase classname="chapter9.ReplacerSpec" name="generateBakFilename should generate version 2 if 1 BAK file exists" time="0.012">
                                                 
                                               </testcase><testcase classname="chapter9.ReplacerSpec" name="generateBakFilename should generate version 3 if 2 BAK files exist" time="0.019">
                                                 
                                               </testcase><testcase classname="chapter9.ReplacerSpec" name="takeBackUp should copy content from original file to BAK file" time="0.026">
                                                 
                                               </testcase><testcase classname="chapter9.ReplacerSpec" name="findAndReplace should replace per specified pattern" time="0.0">
                                                 
                                               </testcase><testcase classname="chapter9.ReplacerSpec" name="writeToFile should replace data in file with new data per specified pattern" time="0.033">
                                                 
                                               </testcase>
                     <system-out></system-out>
                     <system-err></system-err>
                   </testsuite>